  3krup.cpp
C:\Users\Dmitr\Desktop\учёба\Криптография\full\MD5\MD5\MD5.h(128,37): warning C4267: аргумент: преобразование из "size_t" в "MD5::size_type"; возможна потеря данных
C:\Users\Dmitr\Desktop\учёба\Криптография\full\MD5\MD5\MD5.h(414,18): warning C4267: инициализация: преобразование из "size_t" в "int"; возможна потеря данных
C:\Users\Dmitr\Desktop\учёба\Криптография\full\MD5\MD5\MD5.h(426,18): warning C4267: инициализация: преобразование из "size_t" в "int"; возможна потеря данных
C:\Users\Dmitr\Desktop\учёба\Криптография\full\MD5\MD5\MD5.h(444,18): warning C4267: инициализация: преобразование из "size_t" в "int"; возможна потеря данных
C:\Users\Dmitr\Desktop\учёба\Криптография\full\MD5\MD5\MD5.h(475,11): warning C4267: инициализация: преобразование из "size_t" в "int"; возможна потеря данных
C:\Users\Dmitr\Desktop\учёба\Криптография\full\MD5\MD5\MD5.h(476,11): warning C4267: инициализация: преобразование из "size_t" в "int"; возможна потеря данных
C:\Users\Dmitr\Desktop\учёба\Криптография\op op op\3lab(krypta)\3krup\3krup\3krup.cpp(18,23): warning C4244: аргумент: преобразование "__int64" в "const _Elem", возможна потеря данных
          with
          [
              _Elem=char
          ]
C:\Users\Dmitr\Desktop\учёба\Криптография\op op op\3lab(krypta)\3krup\3krup\3krup.cpp(28,26): warning C4018: <: несоответствие типов со знаком и без знака
C:\Users\Dmitr\Desktop\учёба\Криптография\op op op\3lab(krypta)\3krup\3krup\3krup.cpp(102,58): warning C4244: аргумент: преобразование "double" в "_Ty", возможна потеря данных
          with
          [
              _Ty=__int64
          ]
C:\Users\Dmitr\Desktop\учёба\Криптография\op op op\3lab(krypta)\3krup\3krup\3krup.cpp(102,46): warning C4244: аргумент: преобразование "double" в "_Ty", возможна потеря данных
          with
          [
              _Ty=__int64
          ]
C:\Users\Dmitr\Desktop\учёба\Криптография\op op op\3lab(krypta)\3krup\3krup\3krup.cpp(138,58): warning C4244: аргумент: преобразование "double" в "_Ty", возможна потеря данных
          with
          [
              _Ty=__int64
          ]
C:\Users\Dmitr\Desktop\учёба\Криптография\op op op\3lab(krypta)\3krup\3krup\3krup.cpp(138,46): warning C4244: аргумент: преобразование "double" в "_Ty", возможна потеря данных
          with
          [
              _Ty=__int64
          ]
C:\Users\Dmitr\Desktop\учёба\Криптография\op op op\3lab(krypta)\3krup\3krup\3krup.cpp(233,43): warning C4307: "-": переполнение целой константы со знаком
  3krup.vcxproj -> C:\Users\Dmitr\Desktop\учёба\Криптография\op op op\3lab(krypta)\3krup\x64\Debug\3krup.exe
